# JRE version: OpenJDK Runtime Environment Temurin-21.0.8+9 (21.0.8+9) (build 21.0.8+9-LTS)
# Java VM: OpenJDK 64-Bit Server VM Temurin-21.0.8+9 (21.0.8+9-LTS, mixed mode, sharing, tiered, compressed oops, compressed class ptrs, parallel gc, windows-amd64)
GC Precious Log:
 CardTable entry size: 512
 CPUs: 4 total, 4 available
 Memory: 4007M
 Large Page Support: Disabled
 NUMA Support: Disabled
 Compressed Oops: Enabled (32-bit)
 Alignments: Space 512K, Generation 512K, Heap 2M
 Heap Min Capacity: 100M
 Heap Initial Capacity: 100M
 Heap Max Capacity: 2G
 Pre-touch: Disabled
 Parallel Workers: 4
Heap:
 PSYoungGen      total 6144K, used 4627K [0x00000000d5580000, 0x00000000d5e00000, 0x0000000100000000)
  eden space 5120K, 79% used [0x00000000d5580000,0x00000000d597c9a8,0x00000000d5a80000)
  from space 1024K, 53% used [0x00000000d5c80000,0x00000000d5d082c8,0x00000000d5d80000)
  to   space 512K, 0% used [0x00000000d5d80000,0x00000000d5d80000,0x00000000d5e00000)
 ParOldGen       total 569856K, used 569548K [0x0000000080000000, 0x00000000a2c80000, 0x00000000d5580000)
  object space 569856K, 99% used [0x0000000080000000,0x00000000a2c332f8,0x00000000a2c80000)
 Metaspace       used 70649K, committed 72320K, reserved 1114112K
  class space    used 7204K, committed 8000K, reserved 1048576K
GC Heap History (20 events):
Event: 2708.311 GC heap before
{Heap before GC invocations=543 (full 3):
 PSYoungGen      total 6144K, used 5377K [0x00000000d5580000, 0x00000000d5c80000, 0x0000000100000000)
  eden space 5120K, 100% used [0x00000000d5580000,0x00000000d5a80000,0x00000000d5a80000)
  from space 1024K, 25% used [0x00000000d5a80000,0x00000000d5ac0460,0x00000000d5b80000)
  to   space 512K, 0% used [0x00000000d5c00000,0x00000000d5c00000,0x00000000d5c80000)
 ParOldGen       total 551936K, used 551713K [0x0000000080000000, 0x00000000a1b00000, 0x00000000d5580000)
  object space 551936K, 99% used [0x0000000080000000,0x00000000a1ac8668,0x00000000a1b00000)
 Metaspace       used 70125K, committed 71744K, reserved 1114112K
  class space    used 7153K, committed 7936K, reserved 1048576K
}
Event: 2708.333 GC heap after
{Heap after GC invocations=543 (full 3):
 PSYoungGen      total 5632K, used 445K [0x00000000d5580000, 0x00000000d5c80000, 0x0000000100000000)
  eden space 5120K, 0% used [0x00000000d5580000,0x00000000d5580000,0x00000000d5a80000)
  from space 512K, 86% used [0x00000000d5c00000,0x00000000d5c6f4c8,0x00000000d5c80000)
  to   space 512K, 0% used [0x00000000d5b80000,0x00000000d5b80000,0x00000000d5c00000)
 ParOldGen       total 552448K, used 552023K [0x0000000080000000, 0x00000000a1b80000, 0x00000000d5580000)
  object space 552448K, 99% used [0x0000000080000000,0x00000000a1b15f90,0x00000000a1b80000)
 Metaspace       used 70125K, committed 71744K, reserved 1114112K
  class space    used 7153K, committed 7936K, reserved 1048576K
}
Event: 2708.724 GC heap before
{Heap before GC invocations=544 (full 3):
 PSYoungGen      total 5632K, used 5565K [0x00000000d5580000, 0x00000000d5c80000, 0x0000000100000000)
  eden space 5120K, 100% used [0x00000000d5580000,0x00000000d5a80000,0x00000000d5a80000)
  from space 512K, 86% used [0x00000000d5c00000,0x00000000d5c6f4c8,0x00000000d5c80000)
  to   space 512K, 0% used [0x00000000d5b80000,0x00000000d5b80000,0x00000000d5c00000)
 ParOldGen       total 552448K, used 552023K [0x0000000080000000, 0x00000000a1b80000, 0x00000000d5580000)
  object space 552448K, 99% used [0x0000000080000000,0x00000000a1b15f90,0x00000000a1b80000)
 Metaspace       used 70138K, committed 71744K, reserved 1114112K
  class space    used 7153K, committed 7936K, reserved 1048576K
}
Event: 2708.740 GC heap after
{Heap after GC invocations=544 (full 3):
 PSYoungGen      total 5632K, used 497K [0x00000000d5580000, 0x00000000d5d80000, 0x0000000100000000)
  eden space 5120K, 0% used [0x00000000d5580000,0x00000000d5580000,0x00000000d5a80000)
  from space 512K, 97% used [0x00000000d5b80000,0x00000000d5bfc438,0x00000000d5c00000)
  to   space 1536K, 0% used [0x00000000d5c00000,0x00000000d5c00000,0x00000000d5d80000)
 ParOldGen       total 552960K, used 552740K [0x0000000080000000, 0x00000000a1c00000, 0x00000000d5580000)
  object space 552960K, 99% used [0x0000000080000000,0x00000000a1bc90a8,0x00000000a1c00000)
 Metaspace       used 70138K, committed 71744K, reserved 1114112K
  class space    used 7153K, committed 7936K, reserved 1048576K
}
Event: 2711.121 GC heap before
{Heap before GC invocations=545 (full 3):
 PSYoungGen      total 5632K, used 5591K [0x00000000d5580000, 0x00000000d5d80000, 0x0000000100000000)
  eden space 5120K, 99% used [0x00000000d5580000,0x00000000d5a79a38,0x00000000d5a80000)
  from space 512K, 97% used [0x00000000d5b80000,0x00000000d5bfc438,0x00000000d5c00000)
  to   space 1536K, 0% used [0x00000000d5c00000,0x00000000d5c00000,0x00000000d5d80000)
 ParOldGen       total 552960K, used 552740K [0x0000000080000000, 0x00000000a1c00000, 0x00000000d5580000)
  object space 552960K, 99% used [0x0000000080000000,0x00000000a1bc90a8,0x00000000a1c00000)
 Metaspace       used 70217K, committed 71808K, reserved 1114112K
  class space    used 7158K, committed 7936K, reserved 1048576K
}
Event: 2711.128 GC heap after
{Heap after GC invocations=545 (full 3):
 PSYoungGen      total 6656K, used 1060K [0x00000000d5580000, 0x00000000d5d80000, 0x0000000100000000)
  eden space 5120K, 0% used [0x00000000d5580000,0x00000000d5580000,0x00000000d5a80000)
  from space 1536K, 69% used [0x00000000d5c00000,0x00000000d5d092c8,0x00000000d5d80000)
  to   space 1536K, 0% used [0x00000000d5a80000,0x00000000d5a80000,0x00000000d5c00000)
 ParOldGen       total 553472K, used 553191K [0x0000000080000000, 0x00000000a1c80000, 0x00000000d5580000)
  object space 553472K, 99% used [0x0000000080000000,0x00000000a1c39c80,0x00000000a1c80000)
 Metaspace       used 70217K, committed 71808K, reserved 1114112K
  class space    used 7158K, committed 7936K, reserved 1048576K
}
Event: 2711.251 GC heap before
{Heap before GC invocations=546 (full 3):
 PSYoungGen      total 6656K, used 6180K [0x00000000d5580000, 0x00000000d5d80000, 0x0000000100000000)
  eden space 5120K, 100% used [0x00000000d5580000,0x00000000d5a80000,0x00000000d5a80000)
  from space 1536K, 69% used [0x00000000d5c00000,0x00000000d5d092c8,0x00000000d5d80000)
  to   space 1536K, 0% used [0x00000000d5a80000,0x00000000d5a80000,0x00000000d5c00000)
 ParOldGen       total 553472K, used 553191K [0x0000000080000000, 0x00000000a1c80000, 0x00000000d5580000)
  object space 553472K, 99% used [0x0000000080000000,0x00000000a1c39c80,0x00000000a1c80000)
 Metaspace       used 70220K, committed 71808K, reserved 1114112K
  class space    used 7158K, committed 7936K, reserved 1048576K
}
Event: 2711.259 GC heap after
{Heap after GC invocations=546 (full 3):
 PSYoungGen      total 6656K, used 1520K [0x00000000d5580000, 0x00000000d6580000, 0x0000000100000000)
  eden space 5120K, 0% used [0x00000000d5580000,0x00000000d5580000,0x00000000d5a80000)
  from space 1536K, 99% used [0x00000000d5a80000,0x00000000d5bfc3a0,0x00000000d5c00000)
  to   space 5632K, 0% used [0x00000000d6000000,0x00000000d6000000,0x00000000d6580000)
 ParOldGen       total 556544K, used 556415K [0x0000000080000000, 0x00000000a1f80000, 0x00000000d5580000)
  object space 556544K, 99% used [0x0000000080000000,0x00000000a1f5fd08,0x00000000a1f80000)
 Metaspace       used 70220K, committed 71808K, reserved 1114112K
  class space    used 7158K, committed 7936K, reserved 1048576K
}
Event: 2711.372 GC heap before
{Heap before GC invocations=547 (full 3):
 PSYoungGen      total 6656K, used 6640K [0x00000000d5580000, 0x00000000d6580000, 0x0000000100000000)
  eden space 5120K, 100% used [0x00000000d5580000,0x00000000d5a80000,0x00000000d5a80000)
  from space 1536K, 99% used [0x00000000d5a80000,0x00000000d5bfc3a0,0x00000000d5c00000)
  to   space 5632K, 0% used [0x00000000d6000000,0x00000000d6000000,0x00000000d6580000)
 ParOldGen       total 556544K, used 556415K [0x0000000080000000, 0x00000000a1f80000, 0x00000000d5580000)
  object space 556544K, 99% used [0x0000000080000000,0x00000000a1f5fd08,0x00000000a1f80000)
 Metaspace       used 70220K, committed 71808K, reserved 1114112K
  class space    used 7158K, committed 7936K, reserved 1048576K
}
Event: 2711.382 GC heap after
{Heap after GC invocations=547 (full 3):
 PSYoungGen      total 10752K, used 5152K [0x00000000d5580000, 0x00000000d6580000, 0x0000000100000000)
  eden space 5120K, 0% used [0x00000000d5580000,0x00000000d5580000,0x00000000d5a80000)
  from space 5632K, 91% used [0x00000000d6000000,0x00000000d6508000,0x00000000d6580000)
  to   space 5632K, 0% used [0x00000000d5a80000,0x00000000d5a80000,0x00000000d6000000)
 ParOldGen       total 558080K, used 557942K [0x0000000080000000, 0x00000000a2100000, 0x00000000d5580000)
  object space 558080K, 99% used [0x0000000080000000,0x00000000a20ddb90,0x00000000a2100000)
 Metaspace       used 70220K, committed 71808K, reserved 1114112K
  class space    used 7158K, committed 7936K, reserved 1048576K
}
Event: 2711.505 GC heap before
{Heap before GC invocations=548 (full 3):
 PSYoungGen      total 10752K, used 10272K [0x00000000d5580000, 0x00000000d6580000, 0x0000000100000000)
  eden space 5120K, 100% used [0x00000000d5580000,0x00000000d5a80000,0x00000000d5a80000)
  from space 5632K, 91% used [0x00000000d6000000,0x00000000d6508000,0x00000000d6580000)
  to   space 5632K, 0% used [0x00000000d5a80000,0x00000000d5a80000,0x00000000d6000000)
 ParOldGen       total 558080K, used 557942K [0x0000000080000000, 0x00000000a2100000, 0x00000000d5580000)
  object space 558080K, 99% used [0x0000000080000000,0x00000000a20ddb90,0x00000000a2100000)
 Metaspace       used 70241K, committed 71872K, reserved 1114112K
  class space    used 7159K, committed 7936K, reserved 1048576K
}
Event: 2711.516 GC heap after
{Heap after GC invocations=548 (full 3):
 PSYoungGen      total 8704K, used 3497K [0x00000000d5580000, 0x00000000d6380000, 0x0000000100000000)
  eden space 5120K, 0% used [0x00000000d5580000,0x00000000d5580000,0x00000000d5a80000)
  from space 3584K, 97% used [0x00000000d5a80000,0x00000000d5dea450,0x00000000d5e00000)
  to   space 4608K, 0% used [0x00000000d5f00000,0x00000000d5f00000,0x00000000d6380000)
 ParOldGen       total 563200K, used 563078K [0x0000000080000000, 0x00000000a2600000, 0x00000000d5580000)
  object space 563200K, 99% used [0x0000000080000000,0x00000000a25e1b90,0x00000000a2600000)
 Metaspace       used 70241K, committed 71872K, reserved 1114112K
  class space    used 7159K, committed 7936K, reserved 1048576K
}
Event: 2711.951 GC heap before
{Heap before GC invocations=549 (full 3):
 PSYoungGen      total 8704K, used 8617K [0x00000000d5580000, 0x00000000d6380000, 0x0000000100000000)
  eden space 5120K, 100% used [0x00000000d5580000,0x00000000d5a80000,0x00000000d5a80000)
  from space 3584K, 97% used [0x00000000d5a80000,0x00000000d5dea450,0x00000000d5e00000)
  to   space 4608K, 0% used [0x00000000d5f00000,0x00000000d5f00000,0x00000000d6380000)
 ParOldGen       total 563200K, used 563078K [0x0000000080000000, 0x00000000a2600000, 0x00000000d5580000)
  object space 563200K, 99% used [0x0000000080000000,0x00000000a25e1b90,0x00000000a2600000)
 Metaspace       used 70336K, committed 71936K, reserved 1114112K
  class space    used 7170K, committed 7936K, reserved 1048576K
}
Event: 2711.964 GC heap after
{Heap after GC invocations=549 (full 3):
 PSYoungGen      total 7168K, used 1632K [0x00000000d5580000, 0x00000000d6100000, 0x0000000100000000)
  eden space 5120K, 0% used [0x00000000d5580000,0x00000000d5580000,0x00000000d5a80000)
  from space 2048K, 79% used [0x00000000d5f00000,0x00000000d60982f8,0x00000000d6100000)
  to   space 2560K, 0% used [0x00000000d5c00000,0x00000000d5c00000,0x00000000d5e80000)
 ParOldGen       total 566784K, used 566489K [0x0000000080000000, 0x00000000a2980000, 0x00000000d5580000)
  object space 566784K, 99% used [0x0000000080000000,0x00000000a29366a0,0x00000000a2980000)
 Metaspace       used 70336K, committed 71936K, reserved 1114112K
  class space    used 7170K, committed 7936K, reserved 1048576K
}
Event: 2712.266 GC heap before
{Heap before GC invocations=550 (full 3):
 PSYoungGen      total 7168K, used 6752K [0x00000000d5580000, 0x00000000d6100000, 0x0000000100000000)
  eden space 5120K, 100% used [0x00000000d5580000,0x00000000d5a80000,0x00000000d5a80000)
  from space 2048K, 79% used [0x00000000d5f00000,0x00000000d60982f8,0x00000000d6100000)
  to   space 2560K, 0% used [0x00000000d5c00000,0x00000000d5c00000,0x00000000d5e80000)
 ParOldGen       total 566784K, used 566489K [0x0000000080000000, 0x00000000a2980000, 0x00000000d5580000)
  object space 566784K, 99% used [0x0000000080000000,0x00000000a29366a0,0x00000000a2980000)
 Metaspace       used 70480K, committed 72064K, reserved 1114112K
  class space    used 7187K, committed 7936K, reserved 1048576K
}
Event: 2712.272 GC heap after
{Heap after GC invocations=550 (full 3):
 PSYoungGen      total 6656K, used 1296K [0x00000000d5580000, 0x00000000d5f80000, 0x0000000100000000)
  eden space 5120K, 0% used [0x00000000d5580000,0x00000000d5580000,0x00000000d5a80000)
  from space 1536K, 84% used [0x00000000d5c00000,0x00000000d5d44218,0x00000000d5d80000)
  to   space 2048K, 0% used [0x00000000d5d80000,0x00000000d5d80000,0x00000000d5f80000)
 ParOldGen       total 568320K, used 568012K [0x0000000080000000, 0x00000000a2b00000, 0x00000000d5580000)
  object space 568320K, 99% used [0x0000000080000000,0x00000000a2ab3208,0x00000000a2b00000)
 Metaspace       used 70480K, committed 72064K, reserved 1114112K
  class space    used 7187K, committed 7936K, reserved 1048576K
}
Event: 2712.635 GC heap before
{Heap before GC invocations=551 (full 3):
 PSYoungGen      total 6656K, used 6416K [0x00000000d5580000, 0x00000000d5f80000, 0x0000000100000000)
  eden space 5120K, 100% used [0x00000000d5580000,0x00000000d5a80000,0x00000000d5a80000)
  from space 1536K, 84% used [0x00000000d5c00000,0x00000000d5d44218,0x00000000d5d80000)
  to   space 2048K, 0% used [0x00000000d5d80000,0x00000000d5d80000,0x00000000d5f80000)
 ParOldGen       total 568320K, used 568012K [0x0000000080000000, 0x00000000a2b00000, 0x00000000d5580000)
  object space 568320K, 99% used [0x0000000080000000,0x00000000a2ab3208,0x00000000a2b00000)
 Metaspace       used 70586K, committed 72256K, reserved 1114112K
  class space    used 7204K, committed 8000K, reserved 1048576K
}
Event: 2712.644 GC heap after
{Heap after GC invocations=551 (full 3):
 PSYoungGen      total 6144K, used 642K [0x00000000d5580000, 0x00000000d5e80000, 0x0000000100000000)
  eden space 5120K, 0% used [0x00000000d5580000,0x00000000d5580000,0x00000000d5a80000)
  from space 1024K, 62% used [0x00000000d5d80000,0x00000000d5e20870,0x00000000d5e80000)
  to   space 1024K, 0% used [0x00000000d5c80000,0x00000000d5c80000,0x00000000d5d80000)
 ParOldGen       total 569344K, used 569115K [0x0000000080000000, 0x00000000a2c00000, 0x00000000d5580000)
  object space 569344K, 99% used [0x0000000080000000,0x00000000a2bc6ec0,0x00000000a2c00000)
 Metaspace       used 70586K, committed 72256K, reserved 1114112K
  class space    used 7204K, committed 8000K, reserved 1048576K
}
Event: 2713.051 GC heap before
{Heap before GC invocations=552 (full 3):
 PSYoungGen      total 6144K, used 5762K [0x00000000d5580000, 0x00000000d5e80000, 0x0000000100000000)
  eden space 5120K, 100% used [0x00000000d5580000,0x00000000d5a80000,0x00000000d5a80000)
  from space 1024K, 62% used [0x00000000d5d80000,0x00000000d5e20870,0x00000000d5e80000)
  to   space 1024K, 0% used [0x00000000d5c80000,0x00000000d5c80000,0x00000000d5d80000)
 ParOldGen       total 569344K, used 569115K [0x0000000080000000, 0x00000000a2c00000, 0x00000000d5580000)
  object space 569344K, 99% used [0x0000000080000000,0x00000000a2bc6ec0,0x00000000a2c00000)
 Metaspace       used 70615K, committed 72320K, reserved 1114112K
  class space    used 7204K, committed 8000K, reserved 1048576K
}
Event: 2713.054 GC heap after
{Heap after GC invocations=552 (full 3):
 PSYoungGen      total 6144K, used 544K [0x00000000d5580000, 0x00000000d5e00000, 0x0000000100000000)
  eden space 5120K, 0% used [0x00000000d5580000,0x00000000d5580000,0x00000000d5a80000)
  from space 1024K, 53% used [0x00000000d5c80000,0x00000000d5d082c8,0x00000000d5d80000)
  to   space 512K, 0% used [0x00000000d5d80000,0x00000000d5d80000,0x00000000d5e00000)
 ParOldGen       total 569856K, used 569548K [0x0000000080000000, 0x00000000a2c80000, 0x00000000d5580000)
  object space 569856K, 99% used [0x0000000080000000,0x00000000a2c332f8,0x00000000a2c80000)
 Metaspace       used 70615K, committed 72320K, reserved 1114112K
  class space    used 7204K, committed 8000K, reserved 1048576K
}

